<?xml version="1.0" encoding="UTF-8"?>
<!-- Generated by org.testng.reporters.JUnitReportReporter -->
<testsuite hostname="PUNsgomes0MFVH7.local" name="com.forrester.test.navigation" tests="1" failures="0" timestamp="27 Aug 2016 16:11:49 GMT" time="24.825" errors="0">
  <testcase name="action" time="24.825" classname="com.forrester.test.navigation"/>
</testsuite> <!-- com.forrester.test.navigation -->
