<?xml version="1.0" encoding="UTF-8"?>
<!-- Generated by org.testng.reporters.JUnitReportReporter -->
<testsuite hostname="PUNsgomes0MFVH7.local" name="com.forrester.test.navigation" tests="1" failures="0" timestamp="23 Aug 2016 08:58:08 GMT" time="31.208" errors="0">
  <testcase name="action" time="31.208" classname="com.forrester.test.navigation"/>
</testsuite> <!-- com.forrester.test.navigation -->
